<?xml version="1.0" encoding="UTF-8"?>
<!-- Generated by org.testng.reporters.JUnitReportReporter -->
<testsuite hostname="TYSS-Sumanth-Chinivar" failures="0" tests="1" name="testCases.ClickOnShoppingCartLinkTest" time="3.122" errors="0" timestamp="2024-03-11T16:45:27 IST" skipped="0">
  <testcase classname="testCases.ClickOnShoppingCartLinkTest" name="clickOnShoppingCartLink" time="3.122">
    <system-out>
      <![CDATA[Shopping cart page is opened]]>
    </system-out>
  </testcase> <!-- clickOnShoppingCartLink -->
  <system-out>
    <![CDATA[Browser is launched
Shopping cart page is opened
Browser is launched
Products page is displayed
User entered correct recipient name
User entered correct recipient email
User added a product to wish list button]]>
  </system-out>
</testsuite> <!-- testCases.ClickOnShoppingCartLinkTest -->
