<?xml version="1.0" encoding="UTF-8"?>
<!-- Generated by org.testng.reporters.JUnitReportReporter -->
<testsuite hostname="TYSS-Sumanth-Chinivar" failures="0" tests="1" name="testCases.TestSubscribeToNewsLetter" time="3.168" errors="0" timestamp="2024-03-11T16:38:33 IST" skipped="0">
  <testcase classname="testCases.TestSubscribeToNewsLetter" name="subscribe" time="3.168">
    <system-out>
      <![CDATA[User entered correct email into email text field
Subscribed to newsletter]]>
    </system-out>
  </testcase> <!-- subscribe -->
  <system-out>
    <![CDATA[Browser is launched
Products page is displayed
User entered correct recipient name
User entered correct recipient email
User added a product to wish list button
Browser is launched
Shopping cart page is opened
Browser is launched
Browser is launched
User entered correct email into email text field
Subscribed to newsletter
Hello world
Hello world]]>
  </system-out>
</testsuite> <!-- testCases.TestSubscribeToNewsLetter -->
