<?xml version="1.0" encoding="UTF-8"?>
<!-- Generated by org.testng.reporters.JUnitReportReporter -->
<testsuite hostname="TYSS-Sumanth-Chinivar" failures="0" tests="1" name="testCases.ClickOnShoppingCartLink" time="3.222" errors="0" timestamp="2024-03-09T17:05:34 IST" skipped="0">
  <testcase classname="testCases.ClickOnShoppingCartLink" name="clickOnShoppingCartLink" time="3.222">
    <system-out>
      <![CDATA[Shopping cart page is opened]]>
    </system-out>
  </testcase> <!-- clickOnShoppingCartLink -->
  <system-out>
    <![CDATA[Browser is launched
Shopping cart page is opened]]>
  </system-out>
</testsuite> <!-- testCases.ClickOnShoppingCartLink -->
