<?xml version="1.0" encoding="UTF-8"?>
<!-- Generated by org.testng.reporters.JUnitReportReporter -->
<testsuite hostname="TYSS-Sumanth-Chinivar" failures="0" tests="1" name="TestCaseWithDependency" time="0.014" errors="0" timestamp="2024-03-09T16:07:31 IST" skipped="0">
  <testcase classname="TestCaseWithDependency" name="demo" time="0.014">
    <system-out>
      <![CDATA[Hello world]]>
    </system-out>
  </testcase> <!-- demo -->
  <system-out>
    <![CDATA[Hello world]]>
  </system-out>
</testsuite> <!-- TestCaseWithDependency -->
