<?xml version="1.0" encoding="UTF-8"?>
<!-- Generated by org.testng.reporters.JUnitReportReporter -->
<testsuite hostname="TYSS-Sumanth-Chinivar" failures="0" tests="1" name="testCases.SubscribeToNewsLetter" time="2.902" errors="0" timestamp="2024-03-09T17:13:01 IST" skipped="0">
  <testcase classname="testCases.SubscribeToNewsLetter" name="subscribe" time="2.902">
    <system-out>
      <![CDATA[User entered correct email into email text field
Subscribed to newsletter]]>
    </system-out>
  </testcase> <!-- subscribe -->
  <system-out>
    <![CDATA[Browser is launched
User entered correct email into email text field
Subscribed to newsletter]]>
  </system-out>
</testsuite> <!-- testCases.SubscribeToNewsLetter -->
